<?xml version="1.0" encoding="UTF-8"?>
<!-- Generated by org.testng.reporters.JUnitXMLReporter -->
<testsuite ignored="0" hostname="TYSS-Apoorva" failures="0" tests="3" name="Test1" time="31.377" errors="0" timestamp="2023-12-07T16:50:52 IST">
  <testcase classname="testScript.To_lunch_Samsung" name="samsung" time="7.233"/>
  <testcase classname="testScript.To_lunch_Poco" name="poco" time="17.109"/>
  <testcase classname="testScript.To_lunch_Mi" name="mi" time="31.245"/>
</testsuite> <!-- Test1 -->
