<?xml version="1.0" encoding="UTF-8"?>
<!-- Generated by org.testng.reporters.JUnitXMLReporter -->
<testsuite ignored="0" hostname="TYSS-Apoorva" failures="0" tests="5" name="Test" time="54.675" errors="0" timestamp="2024-01-24T15:04:56 IST">
  <testcase classname="testScript.To_lunch_Apple" name="apple" time="15.208"/>
  <testcase classname="testScript.To_lunch_DemoWebshop" name="demoWebshop" time="17.095"/>
  <testcase classname="testScript.To_Iunch_Lorealparis" name="lorealparis" time="17.223"/>
  <testcase classname="testScript.To_lunch_Flipcart" name="flipcart" time="17.304"/>
  <testcase classname="testScript.To_lunch_Ajio" name="ajioApp" time="54.53"/>
</testsuite> <!-- Test -->
